<?xml version="1.0" encoding="UTF-8"?>
<testng-results skipped="0" failed="0" total="1" passed="1">
  <reporter-output>
  </reporter-output>
  <suite name="Default suite" duration-ms="27149" started-at="2021-01-30T13:38:01Z" finished-at="2021-01-30T13:38:29Z">
    <groups>
    </groups>
    <test name="Default test" duration-ms="27149" started-at="2021-01-30T13:38:01Z" finished-at="2021-01-30T13:38:29Z">
      <class name="com.flipkart.testscript.regression.search.RegFlipkartSearchTest">
        <test-method status="PASS" signature="setUp()[pri:0, instance:com.flipkart.testscript.regression.search.RegFlipkartSearchTest@4563e9ab]" name="setUp" is-config="true" duration-ms="13632" started-at="2021-01-30T19:08:01Z" finished-at="2021-01-30T19:08:15Z">
          <reporter-output>
          </reporter-output>
        </test-method> <!-- setUp -->
        <test-method status="PASS" signature="searchItem()[pri:1, instance:com.flipkart.testscript.regression.search.RegFlipkartSearchTest@4563e9ab]" name="searchItem" duration-ms="12736" started-at="2021-01-30T19:08:15Z" finished-at="2021-01-30T19:08:28Z">
          <reporter-output>
          </reporter-output>
        </test-method> <!-- searchItem -->
        <test-method status="PASS" signature="tearDown()[pri:0, instance:com.flipkart.testscript.regression.search.RegFlipkartSearchTest@4563e9ab]" name="tearDown" is-config="true" duration-ms="761" started-at="2021-01-30T19:08:28Z" finished-at="2021-01-30T19:08:29Z">
          <reporter-output>
          </reporter-output>
        </test-method> <!-- tearDown -->
      </class> <!-- com.flipkart.testscript.regression.search.RegFlipkartSearchTest -->
    </test> <!-- Default test -->
  </suite> <!-- Default suite -->
</testng-results>
